<?xml version="1.0" encoding="UTF-8"?>
<testng-results ignored="0" total="1" passed="1" failed="0" skipped="0">
  <reporter-output>
  </reporter-output>
  <suite started-at="2023-09-30T13:13:05 IST" name="Default suite" finished-at="2023-09-30T13:13:06 IST" duration-ms="129">
    <groups>
    </groups>
    <test started-at="2023-09-30T13:13:05 IST" name="Default test" finished-at="2023-09-30T13:13:06 IST" duration-ms="129">
      <class name="com.TestHidayathYanthra.NewDemo">
        <test-method signature="demoFirst()[pri:0, instance:com.TestHidayathYanthra.NewDemo@54c5a2ff]" started-at="2023-09-30T13:13:05 IST" name="demoFirst" finished-at="2023-09-30T13:13:05 IST" duration-ms="17" status="PASS">
          <reporter-output>
          </reporter-output>
        </test-method> <!-- demoFirst -->
      </class> <!-- com.TestHidayathYanthra.NewDemo -->
    </test> <!-- Default test -->
  </suite> <!-- Default suite -->
</testng-results>
